<?xml version="1.0" encoding="UTF-8"?>
<testsuite xmlns:xsi="http://www.w3.org/2001/XMLSchema-instance" xsi:noNamespaceSchemaLocation="https://maven.apache.org/surefire/maven-surefire-plugin/xsd/surefire-test-report-3.0.xsd" version="3.0" name="sg.edu.nus.iss.voucher.audit.logger.VoucherAppAuditApplicationTests" time="6.227" tests="1" errors="0" skipped="0" failures="0">
  <properties>
[...]
</properties>
  <testcase name="contextLoads" classname="sg.edu.nus.iss.voucher.audit.logger.VoucherAppAuditApplicationTests" time="0.867">
    <system-out><![CDATA[11:00:17.540 [main] INFO org.springframework.test.context.support.AnnotationConfigContextLoaderUtils -- Could not detect default configuration classes for test class [sg.edu.nus.iss.voucher.audit.logger.VoucherAppAuditApplicationTests]: VoucherAppAuditApplicationTests does not declare any static, non-private, non-final, nested classes annotated with @Configuration.
11:00:17.679 [main] INFO org.springframework.boot.test.context.SpringBootTestContextBootstrapper -- Found @SpringBootConfiguration sg.edu.nus.iss.voucher.audit.logger.VoucherAppAuditApplication for test class sg.edu.nus.iss.voucher.audit.logger.VoucherAppAuditApplicationTests
11:00:17.908 [main] INFO org.springframework.boot.devtools.restart.RestartApplicationListener -- Restart disabled due to context in which it is running

  .   ____          _            __ _ _
 /\\ / ___'_ __ _ _(_)_ __  __ _ \ \ \ \
( ( )\___ | '_ | '_| | '_ \/ _` | \ \ \ \
 \\/  ___)| |_)| | | | | || (_| |  ) ) ) )
  '  |____| .__|_| |_|_| |_\__, | / / / /
 =========|_|==============|___/=/_/_/_/

 :: Spring Boot ::                (v3.3.3)

2024-09-14T11:00:18.325+08:00  INFO 94285 --- [voucher-app-audit] [           main] .i.v.a.l.VoucherAppAuditApplicationTests : Starting VoucherAppAuditApplicationTests using Java 17.0.9 with PID 94285 (started by wai_thazin in /Users/wai_thazin/git/voucher-app-audit)
2024-09-14T11:00:18.330+08:00  INFO 94285 --- [voucher-app-audit] [           main] .i.v.a.l.VoucherAppAuditApplicationTests : No active profile set, falling back to 1 default profile: "default"
2024-09-14T11:00:19.461+08:00  INFO 94285 --- [voucher-app-audit] [           main] .s.d.r.c.RepositoryConfigurationDelegate : Bootstrapping Spring Data JPA repositories in DEFAULT mode.
2024-09-14T11:00:19.492+08:00  INFO 94285 --- [voucher-app-audit] [           main] .s.d.r.c.RepositoryConfigurationDelegate : Finished Spring Data repository scanning in 24 ms. Found 0 JPA repository interfaces.
2024-09-14T11:00:20.366+08:00  INFO 94285 --- [voucher-app-audit] [           main] com.zaxxer.hikari.HikariDataSource       : HikariPool-1 - Starting...
2024-09-14T11:00:20.514+08:00  INFO 94285 --- [voucher-app-audit] [           main] com.zaxxer.hikari.pool.HikariPool        : HikariPool-1 - Added connection conn0: url=jdbc:h2:mem:9ca280e2-ca5d-4229-ba80-0ee4acf24a48 user=SA
2024-09-14T11:00:20.516+08:00  INFO 94285 --- [voucher-app-audit] [           main] com.zaxxer.hikari.HikariDataSource       : HikariPool-1 - Start completed.
2024-09-14T11:00:20.592+08:00  INFO 94285 --- [voucher-app-audit] [           main] o.hibernate.jpa.internal.util.LogHelper  : HHH000204: Processing PersistenceUnitInfo [name: default]
2024-09-14T11:00:20.638+08:00  INFO 94285 --- [voucher-app-audit] [           main] org.hibernate.Version                    : HHH000412: Hibernate ORM core version 6.5.2.Final
2024-09-14T11:00:20.672+08:00  INFO 94285 --- [voucher-app-audit] [           main] o.h.c.internal.RegionFactoryInitiator    : HHH000026: Second-level cache disabled
2024-09-14T11:00:20.956+08:00  INFO 94285 --- [voucher-app-audit] [           main] o.s.o.j.p.SpringPersistenceUnitInfo      : No LoadTimeWeaver setup: ignoring JPA class transformer
2024-09-14T11:00:21.336+08:00  INFO 94285 --- [voucher-app-audit] [           main] o.h.e.t.j.p.i.JtaPlatformInitiator       : HHH000489: No JTA platform available (set 'hibernate.transaction.jta.platform' to enable JTA platform integration)
2024-09-14T11:00:21.340+08:00  INFO 94285 --- [voucher-app-audit] [           main] j.LocalContainerEntityManagerFactoryBean : Initialized JPA EntityManagerFactory for persistence unit 'default'
2024-09-14T11:00:21.604+08:00  WARN 94285 --- [voucher-app-audit] [           main] JpaBaseConfiguration$JpaWebConfiguration : spring.jpa.open-in-view is enabled by default. Therefore, database queries may be performed during view rendering. Explicitly configure spring.jpa.open-in-view to disable this warning
2024-09-14T11:00:22.315+08:00  WARN 94285 --- [voucher-app-audit] [           main] .s.s.UserDetailsServiceAutoConfiguration : 

Using generated security password: 47286233-3fe1-4636-85c3-dcc81421d0da

This generated password is for development use only. Your security configuration must be updated before running your application in production.

2024-09-14T11:00:22.354+08:00  INFO 94285 --- [voucher-app-audit] [           main] r$InitializeUserDetailsManagerConfigurer : Global AuthenticationManager configured with UserDetailsService bean with name inMemoryUserDetailsManager
2024-09-14T11:00:22.592+08:00  INFO 94285 --- [voucher-app-audit] [           main] .i.v.a.l.VoucherAppAuditApplicationTests : Started VoucherAppAuditApplicationTests in 4.705 seconds (process running for 6.093)
]]></system-out>
  </testcase>
</testsuite>